c:\users\15332\desktop\计算机图形学\modelviewer\modelviewer\x64\debug\main.obj
c:\users\15332\desktop\计算机图形学\modelviewer\modelviewer\x64\debug\modelshader.obj
c:\users\15332\desktop\计算机图形学\modelviewer\modelviewer\x64\debug\model3d.obj
c:\users\15332\desktop\计算机图形学\modelviewer\modelviewer\x64\debug\moc_modelshader.obj
c:\users\15332\desktop\计算机图形学\modelviewer\modelviewer\x64\debug\modelloder.obj
c:\users\15332\desktop\计算机图形学\modelviewer\modelviewer\x64\debug\moc_modelloder.obj
c:\users\15332\desktop\计算机图形学\modelviewer\modelviewer\x64\debug\vc141.pdb
c:\users\15332\desktop\计算机图形学\modelviewer\x64\debug\modelviewer.exe
c:\users\15332\desktop\计算机图形学\modelviewer\x64\debug\modelviewer.ilk
c:\users\15332\desktop\计算机图形学\modelviewer\x64\debug\modelviewer.pdb
c:\users\15332\desktop\计算机图形学\modelviewer\modelviewer\.\generatedfiles\debug\moc_modelshader.cpp
c:\users\15332\desktop\计算机图形学\modelviewer\modelviewer\.\generatedfiles\debug\moc_modelloder.cpp
c:\users\15332\desktop\计算机图形学\modelviewer\modelviewer\generatedfiles\debug\moc_modelshader.cpp
c:\users\15332\desktop\计算机图形学\modelviewer\modelviewer\generatedfiles\debug\moc_modelloder.cpp
c:\users\15332\desktop\计算机图形学\modelviewer\modelviewer\x64\debug\modelviewer.tlog\cl.command.1.tlog
c:\users\15332\desktop\计算机图形学\modelviewer\modelviewer\x64\debug\modelviewer.tlog\cl.read.1.tlog
c:\users\15332\desktop\计算机图形学\modelviewer\modelviewer\x64\debug\modelviewer.tlog\cl.write.1.tlog
c:\users\15332\desktop\计算机图形学\modelviewer\modelviewer\x64\debug\modelviewer.tlog\link.command.1.tlog
c:\users\15332\desktop\计算机图形学\modelviewer\modelviewer\x64\debug\modelviewer.tlog\link.read.1.tlog
c:\users\15332\desktop\计算机图形学\modelviewer\modelviewer\x64\debug\modelviewer.tlog\link.write.1.tlog
c:\users\15332\desktop\计算机图形学\modelviewer\modelviewer\x64\debug\modelviewer.tlog\moc.read.1u.tlog
c:\users\15332\desktop\计算机图形学\modelviewer\modelviewer\x64\debug\modelviewer.tlog\moc.write.1u.tlog
c:\users\15332\desktop\计算机图形学\modelviewer\modelviewer\x64\debug\modelviewer.tlog\modelviewer.write.1u.tlog
